Arguments: 
  /usr/local/Cellar/node/7.4.0/bin/node /usr/local/bin/yarn add selenium-standalone

PATH: 
  /Users/bfulop/.rbenv/shims:/usr/local/bin:/usr/bin:/bin:/usr/sbin:/sbin

Yarn version: 
  0.19.1

Node version: 
  7.4.0

Platform: 
  darwin x64

npm manifest: 
  {
    "name": "selenium-standalone",
    "version": "1.0.0",
    "description": "selenium standalone runner",
    "main": "start.js",
    "repository": {},
    "author": "Balint Fulop",
    "license": "MIT"
  }

yarn manifest: 
  No manifest

Lockfile: 
  No lockfile

Trace: 
  Error: getaddrinfo ENOTFOUND registry.yarnpkg.com registry.yarnpkg.com:443
      at errnoException (dns.js:28:10)
      at GetAddrInfoReqWrap.onlookup [as oncomplete] (dns.js:76:26)
